       1          1                       -nan 
       1          2                       -nan 
       1          3                       -nan 
       1          4                       -nan 
       1          5                       -nan 
       2          1                       -nan 
       2          2                       -nan 
       2          3                       -nan 
       2          4                       -nan 
       2          5                       -nan 
       3          1                       -nan 
       3          2                       -nan 
       3          3                       -nan 
       3          4                       -nan 
       3          5                       -nan 
       4          1                       -nan 
       4          2                       -nan 
       4          3                       -nan 
       4          4                       -nan 
       4          5                       -nan 
       5          1                       -nan 
       5          2                       -nan 
       5          3                       -nan 
       5          4                       -nan 
       5          5                       -nan 

